<?xml version="1.0" encoding="UTF-8"?>
<testng-results ignored="0" total="1" passed="1" failed="0" skipped="0">
  <reporter-output>
  </reporter-output>
  <suite started-at="2022-07-19T17:41:17 IST" name="Default suite" finished-at="2022-07-19T17:41:17 IST" duration-ms="76">
    <groups>
    </groups>
    <test started-at="2022-07-19T17:41:17 IST" name="Default test" finished-at="2022-07-19T17:41:17 IST" duration-ms="76">
      <class name="question.inter.InterviewQuestion2">
        <test-method signature="ques1()[pri:0, instance:question.inter.InterviewQuestion2@4ef37659]" started-at="2022-07-19T17:41:17 IST" name="ques1" finished-at="2022-07-19T17:41:17 IST" duration-ms="14" status="PASS">
          <reporter-output>
          </reporter-output>
        </test-method> <!-- ques1 -->
      </class> <!-- question.inter.InterviewQuestion2 -->
    </test> <!-- Default test -->
  </suite> <!-- Default suite -->
</testng-results>
